This is LuaHBTeX, Version 1.16.0 (TeX Live 2023)  (format=lualatex 2023.8.27)  20 FEB 2024 21:43
 restricted system commands enabled.
 file:line:error style messages enabled.
**/Users/tbimbato/Documents/GitHub/Morra-Cinese-UniVR/Relazione/relazione.tex
(/Users/tbimbato/Documents/GitHub/Morra-Cinese-UniVR/Relazione/relazione.tex
LaTeX2e <2022-11-01> patch level 1
Lua module: luaotfload 2022-10-03 3.23 Lua based OpenType font support
Lua module: lualibs 2022-10-04 2.75 ConTeXt Lua standard libraries.
Lua module: lualibs-extended 2022-10-04 2.75 ConTeXt Lua libraries -- extended collection.
luaotfload | conf : Root cache directory is "/Users/tbimbato/Library/texlive/2023/texmf-var/luatex-cache/generic/names".
luaotfload | init : Loading fontloader "fontloader-2022-10-03.lua" from kpse-resolved path "/usr/local/texlive/2023/texmf-dist/tex/luatex/luaotfload/fontloader-2022-10-03.lua".
Lua-only attribute luaotfload@noligature = 1
luaotfload | init : Context OpenType loader version 3.120
Inserting `luaotfload.node_processor' in `pre_linebreak_filter'.
Inserting `luaotfload.node_processor' in `hpack_filter'.
Inserting `luaotfload.glyph_stream' in `glyph_stream_provider'.
Inserting `luaotfload.define_font' in `define_font'.
Lua-only attribute luaotfload_color_attribute = 2
luaotfload | conf : Root cache directory is "/Users/tbimbato/Library/texlive/2023/texmf-var/luatex-cache/generic/names".
Inserting `luaotfload.harf.strip_prefix' in `find_opentype_file'.
Inserting `luaotfload.harf.strip_prefix' in `find_truetype_file'.
Removing  `luaotfload.glyph_stream' from `glyph_stream_provider'.
Inserting `luaotfload.harf.glyphstream' in `glyph_stream_provider'.
Inserting `luaotfload.harf.finalize_vlist' in `post_linebreak_filter'.
Inserting `luaotfload.harf.finalize_hlist' in `hpack_filter'.
Inserting `luaotfload.cleanup_files' in `wrapup_run'.
Inserting `luaotfload.harf.finalize_unicode' in `finish_pdffile'.
Inserting `luaotfload.glyphinfo' in `glyph_info'.
Lua-only attribute luaotfload.letterspace_done = 3
Inserting `luaotfload.aux.set_sscale_dimens' in `luaotfload.patch_font'.
Inserting `luaotfload.aux.set_font_index' in `luaotfload.patch_font'.
Inserting `luaotfload.aux.patch_cambria_domh' in `luaotfload.patch_font'.
Inserting `luaotfload.aux.fixup_fontdata' in `luaotfload.patch_font_unsafe'.
Inserting `luaotfload.aux.set_capheight' in `luaotfload.patch_font'.
Inserting `luaotfload.aux.set_xheight' in `luaotfload.patch_font'.
Inserting `luaotfload.rewrite_fontname' in `luaotfload.patch_font'. L3 programming layer <2023-02-22>
Inserting `tracingstacklevels' in `input_level_string'. (/usr/local/texlive/2023/texmf-dist/tex/latex/base/report.cls
Document Class: report 2022/07/02 v1.4n Standard LaTeX document class
(/usr/local/texlive/2023/texmf-dist/tex/latex/base/size10.clo
File: size10.clo 2022/07/02 v1.4n Standard LaTeX file (size option)
luaotfload | db : Font names database loaded from /Users/tbimbato/Library/texlive/2023/texmf-var/luatex-cache/generic/names/luaotfload-names.luc.gz)
\c@part=\count183
\c@chapter=\count184
\c@section=\count185
\c@subsection=\count186
\c@subsubsection=\count187
\c@paragraph=\count188
\c@subparagraph=\count189
\c@figure=\count190
\c@table=\count191
\abovecaptionskip=\skip48
\belowcaptionskip=\skip49
\bibindent=\dimen139
) (/usr/local/texlive/2023/texmf-dist/tex/latex/float/float.sty
Package: float 2001/11/08 v1.3d Float enhancements (AL)
\c@float@type=\count192
\float@exts=\toks16
\float@box=\box51
\@float@everytoks=\toks17
\@floatcapt=\box52
) (/usr/local/texlive/2023/texmf-dist/tex/latex/base/inputenc.sty
Package: inputenc 2021/02/14 v1.3d Input encoding file
\inpenc@prehook=\toks18
\inpenc@posthook=\toks19


Package inputenc Warning: inputenc package ignored with utf8 based engines.

) (/usr/local/texlive/2023/texmf-dist/tex/generic/babel/babel.sty
Package: babel 2023/02/13 3.86 The Babel package
 (/usr/local/texlive/2023/texmf-dist/tex/generic/babel/luababel.def
\bbl@readstream=\read2
\l@dumylang=\language2
Package babel Info: Non-standard hyphenation setup on input line 118.
\l@nohyphenation=\language3
\l@german-x-2023-03-06=\language4
\l@ngerman-x-2023-03-06=\language5
\l@afrikaans=\language6
\l@ancientgreek=\language7
\l@ibycus=\language8
\l@arabic=\language9
\l@armenian=\language10
\l@basque=\language11
\l@belarusian=\language12
\l@bulgarian=\language13
\l@catalan=\language14
\l@pinyin=\language15
\l@churchslavonic=\language16
\l@coptic=\language17
\l@croatian=\language18
\l@czech=\language19
\l@danish=\language20
\l@dutch=\language21
\l@ukenglish=\language22
\l@usenglishmax=\language23
\l@esperanto=\language24
\l@estonian=\language25
\l@ethiopic=\language26
\l@farsi=\language27
\l@finnish=\language28
\l@schoolfinnish=\language29
\l@french=\language30
\l@friulan=\language31
\l@galician=\language32
\l@georgian=\language33
\l@german=\language34
\l@ngerman=\language35
\l@swissgerman=\language36
\l@greek=\language37
\l@monogreek=\language38
\l@hungarian=\language39
\l@icelandic=\language40
\l@assamese=\language41
\l@bengali=\language42
\l@gujarati=\language43
\l@hindi=\language44
\l@kannada=\language45
\l@malayalam=\language46
\l@marathi=\language47
\l@oriya=\language48
\l@pali=\language49
\l@panjabi=\language50
\l@tamil=\language51
\l@telugu=\language52
\l@indonesian=\language53
\l@interlingua=\language54
\l@irish=\language55
\l@italian=\language56
\l@kurmanji=\language57
\l@classiclatin=\language58
\l@latin=\language59
\l@liturgicallatin=\language60
\l@latvian=\language61
\l@lithuanian=\language62
\l@macedonian=\language63
\l@mongolian=\language64
\l@mongolianlmc=\language65
\l@bokmal=\language66
\l@nynorsk=\language67
\l@occitan=\language68
\l@piedmontese=\language69
\l@polish=\language70
\l@portuguese=\language71
\l@romanian=\language72
\l@romansh=\language73
\l@russian=\language74
\l@sanskrit=\language75
\l@serbian=\language76
\l@serbianc=\language77
\l@slovak=\language78
\l@slovenian=\language79
\l@spanish=\language80
\l@swedish=\language81
\l@thai=\language82
\l@turkish=\language83
\l@turkmen=\language84
\l@ukrainian=\language85
\l@uppersorbian=\language86
\l@welsh=\language87
\babelcatcodetablenum=\catcodetable12
\bbl@pattcodes=\catcodetable13
)
\babel@savecnt=\count193
\U@D=\dimen140
\l@unhyphenated=\language88
 (/usr/local/texlive/2023/texmf-dist/tex/generic/babel/luababel.def
\bbl@attr@locale=\attribute4
) (/usr/local/texlive/2023/texmf-dist/tex/generic/babel-italian/italian.ldf
Language: italian 2022/03/27 v.1.4.07 Italian support for the babel system
\it@lettering=\count194
\it@doublequoteactive=\count195
\it@ISOcompliance=\count196
 (/usr/local/texlive/2023/texmf-dist/tex/generic/hyph-utf8/loadhyph/loadhyph-it.tex UTF-8 Italian hyphenation patterns (/usr/local/texlive/2023/texmf-dist/tex/generic/hyph-utf8/patterns/tex/hyph-it.tex) (/usr/local/texlive/2023/texmf-dist/tex/generic/hyph-utf8/patterns/quote/hyph-quote-it.tex)))) (/usr/local/texlive/2023/texmf-dist/tex/generic/babel/locale/it/babel-italian.tex
Package babel Info: Importing font and identification data for italian
(babel)             from babel-it.ini. Reported on input line 11.
) (/usr/local/texlive/2023/texmf-dist/tex/latex/etoolbox/etoolbox.sty
Package: etoolbox 2020/10/05 v2.5k e-TeX tools for LaTeX (JAW)
\etb@tempcnta=\count197
) (/usr/local/texlive/2023/texmf-dist/tex/latex/amsmath/amsmath.sty
Package: amsmath 2022/04/08 v2.17n AMS math features
\@mathmargin=\skip50

For additional information on amsmath, use the `?' option.
(/usr/local/texlive/2023/texmf-dist/tex/latex/amsmath/amstext.sty
Package: amstext 2021/08/26 v2.01 AMS text
 (/usr/local/texlive/2023/texmf-dist/tex/latex/amsmath/amsgen.sty
File: amsgen.sty 1999/11/30 v2.0 generic functions
\@emptytoks=\toks20
\ex@=\dimen141
)) (/usr/local/texlive/2023/texmf-dist/tex/latex/amsmath/amsbsy.sty
Package: amsbsy 1999/11/29 v1.2d Bold Symbols
\pmbraise@=\dimen142
) (/usr/local/texlive/2023/texmf-dist/tex/latex/amsmath/amsopn.sty
Package: amsopn 2022/04/08 v2.04 operator names
)
\inf@bad=\count198
LaTeX Info: Redefining \frac on input line 236.
\uproot@=\count199
\leftroot@=\count266
LaTeX Info: Redefining \overline on input line 399.
LaTeX Info: Redefining \colon on input line 410.
\classnum@=\count267
\DOTSCASE@=\count268
LaTeX Info: Redefining \ldots on input line 496.
LaTeX Info: Redefining \dots on input line 499.
LaTeX Info: Redefining \cdots on input line 620.
\Mathstrutbox@=\box53
\strutbox@=\box54
LaTeX Info: Redefining \big on input line 722.
LaTeX Info: Redefining \Big on input line 723.
LaTeX Info: Redefining \bigg on input line 724.
LaTeX Info: Redefining \Bigg on input line 725.
\big@size=\dimen143
LaTeX Font Info:    Redeclaring font encoding OML on input line 743.
LaTeX Font Info:    Redeclaring font encoding OMS on input line 744.
\macc@depth=\count269
LaTeX Info: Redefining \bmod on input line 905.
LaTeX Info: Redefining \pmod on input line 910.
LaTeX Info: Redefining \smash on input line 940.
LaTeX Info: Redefining \relbar on input line 970.
LaTeX Info: Redefining \Relbar on input line 971.
\c@MaxMatrixCols=\count270
\dotsspace@=\muskip16
\c@parentequation=\count271
\dspbrk@lvl=\count272
\tag@help=\toks21
\row@=\count273
\column@=\count274
\maxfields@=\count275
\andhelp@=\toks22
\eqnshift@=\dimen144
\alignsep@=\dimen145
\tagshift@=\dimen146
\tagwidth@=\dimen147
\totwidth@=\dimen148
\lineht@=\dimen149
\@envbody=\toks23
\multlinegap=\skip51
\multlinetaggap=\skip52
\mathdisplay@stack=\toks24
LaTeX Info: Redefining \[ on input line 2953.
LaTeX Info: Redefining \] on input line 2954.
) (/usr/local/texlive/2023/texmf-dist/tex/latex/amsfonts/amssymb.sty
Package: amssymb 2013/01/14 v3.01 AMS font symbols
 (/usr/local/texlive/2023/texmf-dist/tex/latex/amsfonts/amsfonts.sty
Package: amsfonts 2013/01/14 v3.01 Basic AMSFonts support
\symAMSa=\mathgroup4
\symAMSb=\mathgroup5
LaTeX Font Info:    Redeclaring math symbol \hbar on input line 98.
LaTeX Font Info:    Overwriting math alphabet `\mathfrak' in version `bold'
(Font)                  U/euf/m/n --> U/euf/b/n on input line 106.
)) (/usr/local/texlive/2023/texmf-dist/tex/latex/graphics/graphicx.sty
Package: graphicx 2021/09/16 v1.2d Enhanced LaTeX Graphics (DPC,SPQR)
 (/usr/local/texlive/2023/texmf-dist/tex/latex/graphics/keyval.sty
Package: keyval 2022/05/29 v1.15 key=value parser (DPC)
\KV@toks@=\toks25
) (/usr/local/texlive/2023/texmf-dist/tex/latex/graphics/graphics.sty
Package: graphics 2022/03/10 v1.4e Standard LaTeX Graphics (DPC,SPQR)
 (/usr/local/texlive/2023/texmf-dist/tex/latex/graphics/trig.sty
Package: trig 2021/08/11 v1.11 sin cos tan (DPC)
) (/usr/local/texlive/2023/texmf-dist/tex/latex/graphics-cfg/graphics.cfg
File: graphics.cfg 2016/06/04 v1.11 sample graphics configuration
)
Package graphics Info: Driver file: luatex.def on input line 107.
 (/usr/local/texlive/2023/texmf-dist/tex/latex/graphics-def/luatex.def
File: luatex.def 2022/09/22 v1.2d Graphics/color driver for luatex
))
\Gin@req@height=\dimen150
\Gin@req@width=\dimen151
) (/usr/local/texlive/2023/texmf-dist/tex/latex/lm/lmodern.sty
Package: lmodern 2015/05/01 v1.6.1 Latin Modern Fonts
LaTeX Font Info:    Overwriting symbol font `operators' in version `normal'
(Font)                  OT1/cmr/m/n --> OT1/lmr/m/n on input line 22.
LaTeX Font Info:    Overwriting symbol font `letters' in version `normal'
(Font)                  OML/cmm/m/it --> OML/lmm/m/it on input line 23.
LaTeX Font Info:    Overwriting symbol font `symbols' in version `normal'
(Font)                  OMS/cmsy/m/n --> OMS/lmsy/m/n on input line 24.
LaTeX Font Info:    Overwriting symbol font `largesymbols' in version `normal'
(Font)                  OMX/cmex/m/n --> OMX/lmex/m/n on input line 25.
LaTeX Font Info:    Overwriting symbol font `operators' in version `bold'
(Font)                  OT1/cmr/bx/n --> OT1/lmr/bx/n on input line 26.
LaTeX Font Info:    Overwriting symbol font `letters' in version `bold'
(Font)                  OML/cmm/b/it --> OML/lmm/b/it on input line 27.
LaTeX Font Info:    Overwriting symbol font `symbols' in version `bold'
(Font)                  OMS/cmsy/b/n --> OMS/lmsy/b/n on input line 28.
LaTeX Font Info:    Overwriting symbol font `largesymbols' in version `bold'
(Font)                  OMX/cmex/m/n --> OMX/lmex/m/n on input line 29.
LaTeX Font Info:    Overwriting math alphabet `\mathbf' in version `normal'
(Font)                  OT1/cmr/bx/n --> OT1/lmr/bx/n on input line 31.
LaTeX Font Info:    Overwriting math alphabet `\mathsf' in version `normal'
(Font)                  OT1/cmss/m/n --> OT1/lmss/m/n on input line 32.
LaTeX Font Info:    Overwriting math alphabet `\mathit' in version `normal'
(Font)                  OT1/cmr/m/it --> OT1/lmr/m/it on input line 33.
LaTeX Font Info:    Overwriting math alphabet `\mathtt' in version `normal'
(Font)                  OT1/cmtt/m/n --> OT1/lmtt/m/n on input line 34.
LaTeX Font Info:    Overwriting math alphabet `\mathbf' in version `bold'
(Font)                  OT1/cmr/bx/n --> OT1/lmr/bx/n on input line 35.
LaTeX Font Info:    Overwriting math alphabet `\mathsf' in version `bold'
(Font)                  OT1/cmss/bx/n --> OT1/lmss/bx/n on input line 36.
LaTeX Font Info:    Overwriting math alphabet `\mathit' in version `bold'
(Font)                  OT1/cmr/bx/it --> OT1/lmr/bx/it on input line 37.
LaTeX Font Info:    Overwriting math alphabet `\mathtt' in version `bold'
(Font)                  OT1/cmtt/m/n --> OT1/lmtt/m/n on input line 38.
) (/usr/local/texlive/2023/texmf-dist/tex/latex/kpfonts/kpfonts.sty
Package: kpfonts  2023/01/18 v3.35
 (/usr/local/texlive/2023/texmf-dist/tex/generic/iftex/iftex.sty
Package: iftex 2022/02/03 v1.0f TeX engine tests
) (/usr/local/texlive/2023/texmf-dist/tex/latex/kpfonts-otf/kpfonts-otf.sty
Package: kpfonts-otf 2023-01-16 0.48
\KpMtoks=\toks26
 (/usr/local/texlive/2023/texmf-dist/tex/latex/fontspec/fontspec.sty (/usr/local/texlive/2023/texmf-dist/tex/latex/l3packages/xparse/xparse.sty (/usr/local/texlive/2023/texmf-dist/tex/latex/l3kernel/expl3.sty
Package: expl3 2023-02-22 L3 programming layer (loader) 
 (/usr/local/texlive/2023/texmf-dist/tex/latex/l3backend/l3backend-luatex.def
File: l3backend-luatex.def 2023-01-16 L3 backend support: PDF output (LuaTeX)
\l__color_backend_stack_int=\count276
\l__pdf_internal_box=\box55
))
Package: xparse 2023-02-02 L3 Experimental document command parser
)
Package: fontspec 2022/01/15 v2.8a Font selection for XeLaTeX and LuaLaTeX
Lua module: fontspec 2022/01/15 2.8a Font selection for XeLaTeX and LuaLaTeX (/usr/local/texlive/2023/texmf-dist/tex/latex/fontspec/fontspec-luatex.sty
Package: fontspec-luatex 2022/01/15 v2.8a Font selection for XeLaTeX and LuaLaTeX
\l__fontspec_script_int=\count277
\l__fontspec_language_int=\count278
\l__fontspec_strnum_int=\count279
\l__fontspec_tmp_int=\count280
\l__fontspec_tmpa_int=\count281
\l__fontspec_tmpb_int=\count282
\l__fontspec_tmpc_int=\count283
\l__fontspec_em_int=\count284
\l__fontspec_emdef_int=\count285
\l__fontspec_strong_int=\count286
\l__fontspec_strongdef_int=\count287
\l__fontspec_tmpa_dim=\dimen152
\l__fontspec_tmpb_dim=\dimen153
\l__fontspec_tmpc_dim=\dimen154
 (/usr/local/texlive/2023/texmf-dist/tex/latex/base/fontenc.sty
Package: fontenc 2021/04/29 v2.0v Standard LaTeX package
) (/usr/local/texlive/2023/texmf-dist/tex/latex/fontspec/fontspec.cfg))) (/usr/local/texlive/2023/texmf-dist/tex/latex/realscripts/realscripts.sty
Package: realscripts 2016/02/13 v0.3d Access OpenType subscripts and superscripts
\subsupersep=\dimen155
) (/usr/local/texlive/2023/texmf-dist/tex/latex/kpfonts-otf/KpRoman.fontspec)

Package fontspec Info: Font family 'KpRoman(0)' created for font 'KpRoman'
(fontspec)             with options [Extension = .otf,UprightFont =
(fontspec)             KpRoman-Regular,BoldFont = KpRoman-Bold,ItalicFont =
(fontspec)             KpRoman-Italic,BoldItalicFont =
(fontspec)             KpRoman-BoldItalic,SlantedFont =
(fontspec)             KpRoman-Regular,SlantedFeatures =
(fontspec)             {FakeSlant=0.19},BoldSlantedFont =
(fontspec)             KpRoman-Bold,BoldSlantedFeatures =
(fontspec)             {FakeSlant=0.19},SmallCapsFeatures =
(fontspec)             {Letters=PetiteCaps},Ligatures={Common,RequiredOff,RareOff,HistoricOff}].
(fontspec)              
(fontspec)              This font family consists of the following NFSS
(fontspec)             series/shapes:
(fontspec)              
(fontspec)             - 'normal' (m/n) with NFSS spec.:
(fontspec)             <->"[KpRoman-Regular.otf]:mode=node;script=latn;language=dflt;+liga;-rlig;-dlig;-hlig;"
(fontspec)             - 'small caps'  (m/sc) with NFSS spec.:
(fontspec)             <->"[KpRoman-Regular.otf]:mode=node;script=latn;language=dflt;+liga;-rlig;-dlig;-hlig;+pcap;"
(fontspec)             - 'bold' (b/n) with NFSS spec.:
(fontspec)             <->"[KpRoman-Bold.otf]:mode=node;script=latn;language=dflt;+liga;-rlig;-dlig;-hlig;"
(fontspec)             - 'bold small caps'  (b/sc) with NFSS spec.:
(fontspec)             <->"[KpRoman-Bold.otf]:mode=node;script=latn;language=dflt;+liga;-rlig;-dlig;-hlig;+pcap;"
(fontspec)             - 'italic' (m/it) with NFSS spec.:
(fontspec)             <->"[KpRoman-Italic.otf]:mode=node;script=latn;language=dflt;+liga;-rlig;-dlig;-hlig;"
(fontspec)             - 'italic small caps'  (m/scit) with NFSS spec.:
(fontspec)             <->"[KpRoman-Italic.otf]:mode=node;script=latn;language=dflt;+liga;-rlig;-dlig;-hlig;+pcap;"
(fontspec)             - 'slanted' (m/sl) with NFSS spec.:
(fontspec)             <->"[KpRoman-Regular.otf]:mode=node;script=latn;language=dflt;slant=0.19;+liga;-rlig;-dlig;-hlig;"
(fontspec)             - 'slanted small caps'  (m/scsl) with NFSS spec.:
(fontspec)             <->"[KpRoman-Regular.otf]:mode=node;script=latn;language=dflt;slant=0.19;+liga;-rlig;-dlig;-hlig;+pcap;"
(fontspec)             - 'bold italic' (b/it) with NFSS spec.:
(fontspec)             <->"[KpRoman-BoldItalic.otf]:mode=node;script=latn;language=dflt;+liga;-rlig;-dlig;-hlig;"
(fontspec)             - 'bold italic small caps'  (b/scit) with NFSS spec.:
(fontspec)             <->"[KpRoman-BoldItalic.otf]:mode=node;script=latn;language=dflt;+liga;-rlig;-dlig;-hlig;+pcap;"
(fontspec)             - 'bold slanted' (b/sl) with NFSS spec.:
(fontspec)             <->"[KpRoman-Bold.otf]:mode=node;script=latn;language=dflt;slant=0.19;+liga;-rlig;-dlig;-hlig;"
(fontspec)             - 'bold slanted small caps'  (b/scsl) with NFSS spec.:
(fontspec)             <->"[KpRoman-Bold.otf]:mode=node;script=latn;language=dflt;slant=0.19;+liga;-rlig;-dlig;-hlig;+pcap;"

 (/usr/local/texlive/2023/texmf-dist/tex/latex/kpfonts-otf/KpLight.fontspec)

Package fontspec Info: Font family 'KpLight(0)' created for font 'KpLight'
(fontspec)             with options [Extension = .otf,UprightFont =
(fontspec)             KpRoman-Light,BoldFont = KpRoman-Semibold,ItalicFont =
(fontspec)             KpRoman-LightItalic,BoldItalicFont =
(fontspec)             KpRoman-SemiboldItalic,SlantedFont =
(fontspec)             KpRoman-Light,SlantedFeatures =
(fontspec)             {FakeSlant=0.19},BoldSlantedFont =
(fontspec)             KpRoman-Semibold,BoldSlantedFeatures =
(fontspec)             {FakeSlant=0.19},SmallCapsFeatures =
(fontspec)             {Letters=PetiteCaps},Ligatures={Common,RequiredOff,RareOff,HistoricOff}].
(fontspec)              
(fontspec)              This font family consists of the following NFSS
(fontspec)             series/shapes:
(fontspec)              
(fontspec)             - 'normal' (m/n) with NFSS spec.:
(fontspec)             <->"[KpRoman-Light.otf]:mode=node;script=latn;language=dflt;+liga;-rlig;-dlig;-hlig;"
(fontspec)             - 'small caps'  (m/sc) with NFSS spec.:
(fontspec)             <->"[KpRoman-Light.otf]:mode=node;script=latn;language=dflt;+liga;-rlig;-dlig;-hlig;+pcap;"
(fontspec)             - 'bold' (b/n) with NFSS spec.:
(fontspec)             <->"[KpRoman-Semibold.otf]:mode=node;script=latn;language=dflt;+liga;-rlig;-dlig;-hlig;"
(fontspec)             - 'bold small caps'  (b/sc) with NFSS spec.:
(fontspec)             <->"[KpRoman-Semibold.otf]:mode=node;script=latn;language=dflt;+liga;-rlig;-dlig;-hlig;+pcap;"
(fontspec)             - 'italic' (m/it) with NFSS spec.:
(fontspec)             <->"[KpRoman-LightItalic.otf]:mode=node;script=latn;language=dflt;+liga;-rlig;-dlig;-hlig;"
(fontspec)             - 'italic small caps'  (m/scit) with NFSS spec.:
(fontspec)             <->"[KpRoman-LightItalic.otf]:mode=node;script=latn;language=dflt;+liga;-rlig;-dlig;-hlig;+pcap;"
(fontspec)             - 'slanted' (m/sl) with NFSS spec.:
(fontspec)             <->"[KpRoman-Light.otf]:mode=node;script=latn;language=dflt;slant=0.19;+liga;-rlig;-dlig;-hlig;"
(fontspec)             - 'slanted small caps'  (m/scsl) with NFSS spec.:
(fontspec)             <->"[KpRoman-Light.otf]:mode=node;script=latn;language=dflt;slant=0.19;+liga;-rlig;-dlig;-hlig;+pcap;"
(fontspec)             - 'bold italic' (b/it) with NFSS spec.:
(fontspec)             <->"[KpRoman-SemiboldItalic.otf]:mode=node;script=latn;language=dflt;+liga;-rlig;-dlig;-hlig;"
(fontspec)             - 'bold italic small caps'  (b/scit) with NFSS spec.:
(fontspec)             <->"[KpRoman-SemiboldItalic.otf]:mode=node;script=latn;language=dflt;+liga;-rlig;-dlig;-hlig;+pcap;"
(fontspec)             - 'bold slanted' (b/sl) with NFSS spec.:
(fontspec)             <->"[KpRoman-Semibold.otf]:mode=node;script=latn;language=dflt;slant=0.19;+liga;-rlig;-dlig;-hlig;"
(fontspec)             - 'bold slanted small caps'  (b/scsl) with NFSS spec.:
(fontspec)             <->"[KpRoman-Semibold.otf]:mode=node;script=latn;language=dflt;slant=0.19;+liga;-rlig;-dlig;-hlig;+pcap;"


Package fontspec Info: Font family 'KpRoman(1)' created for font 'KpRoman'
(fontspec)             with options [Ligatures=TeX,Extension =
(fontspec)             .otf,UprightFont = KpRoman-Regular,BoldFont =
(fontspec)             KpRoman-Bold,ItalicFont = KpRoman-Italic,BoldItalicFont
(fontspec)             = KpRoman-BoldItalic,SlantedFont =
(fontspec)             KpRoman-Regular,SlantedFeatures =
(fontspec)             {FakeSlant=0.19},BoldSlantedFont =
(fontspec)             KpRoman-Bold,BoldSlantedFeatures =
(fontspec)             {FakeSlant=0.19},SmallCapsFeatures =
(fontspec)             {Letters=PetiteCaps},Ligatures={Common,RequiredOff,RareOff,HistoricOff},SmallCapsFeatures
(fontspec)             = {Letters=PetiteCaps}].
(fontspec)              
(fontspec)              This font family consists of the following NFSS
(fontspec)             series/shapes:
(fontspec)              
(fontspec)             - 'normal' (m/n) with NFSS spec.:
(fontspec)             <->"[KpRoman-Regular.otf]:mode=node;script=latn;language=dflt;+tlig;+liga;-rlig;-dlig;-hlig;"
(fontspec)             - 'small caps'  (m/sc) with NFSS spec.:
(fontspec)             <->"[KpRoman-Regular.otf]:mode=node;script=latn;language=dflt;+tlig;+liga;-rlig;-dlig;-hlig;+pcap;"
(fontspec)             - 'bold' (b/n) with NFSS spec.:
(fontspec)             <->"[KpRoman-Bold.otf]:mode=node;script=latn;language=dflt;+tlig;+liga;-rlig;-dlig;-hlig;"
(fontspec)             - 'bold small caps'  (b/sc) with NFSS spec.:
(fontspec)             <->"[KpRoman-Bold.otf]:mode=node;script=latn;language=dflt;+tlig;+liga;-rlig;-dlig;-hlig;+pcap;"
(fontspec)             - 'italic' (m/it) with NFSS spec.:
(fontspec)             <->"[KpRoman-Italic.otf]:mode=node;script=latn;language=dflt;+tlig;+liga;-rlig;-dlig;-hlig;"
(fontspec)             - 'italic small caps'  (m/scit) with NFSS spec.:
(fontspec)             <->"[KpRoman-Italic.otf]:mode=node;script=latn;language=dflt;+tlig;+liga;-rlig;-dlig;-hlig;+pcap;"
(fontspec)             - 'slanted' (m/sl) with NFSS spec.:
(fontspec)             <->"[KpRoman-Regular.otf]:mode=node;script=latn;language=dflt;slant=0.19;+tlig;+liga;-rlig;-dlig;-hlig;"
(fontspec)             - 'slanted small caps'  (m/scsl) with NFSS spec.:
(fontspec)             <->"[KpRoman-Regular.otf]:mode=node;script=latn;language=dflt;slant=0.19;+tlig;+liga;-rlig;-dlig;-hlig;+pcap;"
(fontspec)             - 'bold italic' (b/it) with NFSS spec.:
(fontspec)             <->"[KpRoman-BoldItalic.otf]:mode=node;script=latn;language=dflt;+tlig;+liga;-rlig;-dlig;-hlig;"
(fontspec)             - 'bold italic small caps'  (b/scit) with NFSS spec.:
(fontspec)             <->"[KpRoman-BoldItalic.otf]:mode=node;script=latn;language=dflt;+tlig;+liga;-rlig;-dlig;-hlig;+pcap;"
(fontspec)             - 'bold slanted' (b/sl) with NFSS spec.:
(fontspec)             <->"[KpRoman-Bold.otf]:mode=node;script=latn;language=dflt;slant=0.19;+tlig;+liga;-rlig;-dlig;-hlig;"
(fontspec)             - 'bold slanted small caps'  (b/scsl) with NFSS spec.:
(fontspec)             <->"[KpRoman-Bold.otf]:mode=node;script=latn;language=dflt;slant=0.19;+tlig;+liga;-rlig;-dlig;-hlig;+pcap;"


Package fontspec Info: Font family 'KpRoman(2)' created for font 'KpRoman'
(fontspec)             with options [Extension = .otf,UprightFont =
(fontspec)             KpRoman-Regular,BoldFont = KpRoman-Bold,ItalicFont =
(fontspec)             KpRoman-Italic,BoldItalicFont =
(fontspec)             KpRoman-BoldItalic,SlantedFont =
(fontspec)             KpRoman-Regular,SlantedFeatures =
(fontspec)             {FakeSlant=0.19},BoldSlantedFont =
(fontspec)             KpRoman-Bold,BoldSlantedFeatures =
(fontspec)             {FakeSlant=0.19},SmallCapsFeatures =
(fontspec)             {Letters=PetiteCaps},Ligatures={Common,RequiredOff,RareOff,HistoricOff},SmallCapsFeatures
(fontspec)             = {Letters=PetiteCaps}].
(fontspec)              
(fontspec)              This font family consists of the following NFSS
(fontspec)             series/shapes:
(fontspec)              
(fontspec)             - 'normal' (m/n) with NFSS spec.:
(fontspec)             <->"[KpRoman-Regular.otf]:mode=node;script=latn;language=dflt;+liga;-rlig;-dlig;-hlig;"
(fontspec)             - 'small caps'  (m/sc) with NFSS spec.:
(fontspec)             <->"[KpRoman-Regular.otf]:mode=node;script=latn;language=dflt;+liga;-rlig;-dlig;-hlig;+pcap;"
(fontspec)             - 'bold' (b/n) with NFSS spec.:
(fontspec)             <->"[KpRoman-Bold.otf]:mode=node;script=latn;language=dflt;+liga;-rlig;-dlig;-hlig;"
(fontspec)             - 'bold small caps'  (b/sc) with NFSS spec.:
(fontspec)             <->"[KpRoman-Bold.otf]:mode=node;script=latn;language=dflt;+liga;-rlig;-dlig;-hlig;+pcap;"
(fontspec)             - 'italic' (m/it) with NFSS spec.:
(fontspec)             <->"[KpRoman-Italic.otf]:mode=node;script=latn;language=dflt;+liga;-rlig;-dlig;-hlig;"
(fontspec)             - 'italic small caps'  (m/scit) with NFSS spec.:
(fontspec)             <->"[KpRoman-Italic.otf]:mode=node;script=latn;language=dflt;+liga;-rlig;-dlig;-hlig;+pcap;"
(fontspec)             - 'slanted' (m/sl) with NFSS spec.:
(fontspec)             <->"[KpRoman-Regular.otf]:mode=node;script=latn;language=dflt;slant=0.19;+liga;-rlig;-dlig;-hlig;"
(fontspec)             - 'slanted small caps'  (m/scsl) with NFSS spec.:
(fontspec)             <->"[KpRoman-Regular.otf]:mode=node;script=latn;language=dflt;slant=0.19;+liga;-rlig;-dlig;-hlig;+pcap;"
(fontspec)             - 'bold italic' (b/it) with NFSS spec.:
(fontspec)             <->"[KpRoman-BoldItalic.otf]:mode=node;script=latn;language=dflt;+liga;-rlig;-dlig;-hlig;"
(fontspec)             - 'bold italic small caps'  (b/scit) with NFSS spec.:
(fontspec)             <->"[KpRoman-BoldItalic.otf]:mode=node;script=latn;language=dflt;+liga;-rlig;-dlig;-hlig;+pcap;"
(fontspec)             - 'bold slanted' (b/sl) with NFSS spec.:
(fontspec)             <->"[KpRoman-Bold.otf]:mode=node;script=latn;language=dflt;slant=0.19;+liga;-rlig;-dlig;-hlig;"
(fontspec)             - 'bold slanted small caps'  (b/scsl) with NFSS spec.:
(fontspec)             <->"[KpRoman-Bold.otf]:mode=node;script=latn;language=dflt;slant=0.19;+liga;-rlig;-dlig;-hlig;+pcap;"


Package fontspec Info: Font family 'KpLight(1)' created for font 'KpLight'
(fontspec)             with options [Extension = .otf,UprightFont =
(fontspec)             KpRoman-Light,BoldFont = KpRoman-Semibold,ItalicFont =
(fontspec)             KpRoman-LightItalic,BoldItalicFont =
(fontspec)             KpRoman-SemiboldItalic,SlantedFont =
(fontspec)             KpRoman-Light,SlantedFeatures =
(fontspec)             {FakeSlant=0.19},BoldSlantedFont =
(fontspec)             KpRoman-Semibold,BoldSlantedFeatures =
(fontspec)             {FakeSlant=0.19},SmallCapsFeatures =
(fontspec)             {Letters=PetiteCaps},Ligatures={Common,RequiredOff,RareOff,HistoricOff},SmallCapsFeatures
(fontspec)             = {Letters=PetiteCaps}].
(fontspec)              
(fontspec)              This font family consists of the following NFSS
(fontspec)             series/shapes:
(fontspec)              
(fontspec)             - 'normal' (m/n) with NFSS spec.:
(fontspec)             <->"[KpRoman-Light.otf]:mode=node;script=latn;language=dflt;+liga;-rlig;-dlig;-hlig;"
(fontspec)             - 'small caps'  (m/sc) with NFSS spec.:
(fontspec)             <->"[KpRoman-Light.otf]:mode=node;script=latn;language=dflt;+liga;-rlig;-dlig;-hlig;+pcap;"
(fontspec)             - 'bold' (b/n) with NFSS spec.:
(fontspec)             <->"[KpRoman-Semibold.otf]:mode=node;script=latn;language=dflt;+liga;-rlig;-dlig;-hlig;"
(fontspec)             - 'bold small caps'  (b/sc) with NFSS spec.:
(fontspec)             <->"[KpRoman-Semibold.otf]:mode=node;script=latn;language=dflt;+liga;-rlig;-dlig;-hlig;+pcap;"
(fontspec)             - 'italic' (m/it) with NFSS spec.:
(fontspec)             <->"[KpRoman-LightItalic.otf]:mode=node;script=latn;language=dflt;+liga;-rlig;-dlig;-hlig;"
(fontspec)             - 'italic small caps'  (m/scit) with NFSS spec.:
(fontspec)             <->"[KpRoman-LightItalic.otf]:mode=node;script=latn;language=dflt;+liga;-rlig;-dlig;-hlig;+pcap;"
(fontspec)             - 'slanted' (m/sl) with NFSS spec.:
(fontspec)             <->"[KpRoman-Light.otf]:mode=node;script=latn;language=dflt;slant=0.19;+liga;-rlig;-dlig;-hlig;"
(fontspec)             - 'slanted small caps'  (m/scsl) with NFSS spec.:
(fontspec)             <->"[KpRoman-Light.otf]:mode=node;script=latn;language=dflt;slant=0.19;+liga;-rlig;-dlig;-hlig;+pcap;"
(fontspec)             - 'bold italic' (b/it) with NFSS spec.:
(fontspec)             <->"[KpRoman-SemiboldItalic.otf]:mode=node;script=latn;language=dflt;+liga;-rlig;-dlig;-hlig;"
(fontspec)             - 'bold italic small caps'  (b/scit) with NFSS spec.:
(fontspec)             <->"[KpRoman-SemiboldItalic.otf]:mode=node;script=latn;language=dflt;+liga;-rlig;-dlig;-hlig;+pcap;"
(fontspec)             - 'bold slanted' (b/sl) with NFSS spec.:
(fontspec)             <->"[KpRoman-Semibold.otf]:mode=node;script=latn;language=dflt;slant=0.19;+liga;-rlig;-dlig;-hlig;"
(fontspec)             - 'bold slanted small caps'  (b/scsl) with NFSS spec.:
(fontspec)             <->"[KpRoman-Semibold.otf]:mode=node;script=latn;language=dflt;slant=0.19;+liga;-rlig;-dlig;-hlig;+pcap;"

 (/usr/local/texlive/2023/texmf-dist/tex/latex/kpfonts-otf/KpSans.fontspec)

Package fontspec Info: Font family 'KpSans(0)' created for font 'KpSans' with
(fontspec)             options [Ligatures=TeX,SmallCapsFeatures =
(fontspec)             {Letters=PetiteCaps},Extension = .otf,UprightFont =
(fontspec)             *-Regular,BoldFont = *-Bold,ItalicFont =
(fontspec)             *-Italic,BoldItalicFont =
(fontspec)             *-BoldItalic,SmallCapsFeatures = {Letters=PetiteCaps}].
(fontspec)              
(fontspec)              This font family consists of the following NFSS
(fontspec)             series/shapes:
(fontspec)              
(fontspec)             - 'normal' (m/n) with NFSS spec.:
(fontspec)             <->"[KpSans-Regular.otf]:mode=node;script=latn;language=dflt;+tlig;"
(fontspec)             - 'small caps'  (m/sc) with NFSS spec.:
(fontspec)             <->"[KpSans-Regular.otf]:mode=node;script=latn;language=dflt;+tlig;+pcap;"
(fontspec)             - 'bold' (b/n) with NFSS spec.:
(fontspec)             <->"[KpSans-Bold.otf]:mode=node;script=latn;language=dflt;+tlig;"
(fontspec)             - 'bold small caps'  (b/sc) with NFSS spec.:
(fontspec)             <->"[KpSans-Bold.otf]:mode=node;script=latn;language=dflt;+tlig;+pcap;"
(fontspec)             - 'italic' (m/it) with NFSS spec.:
(fontspec)             <->"[KpSans-Italic.otf]:mode=node;script=latn;language=dflt;+tlig;"
(fontspec)             - 'italic small caps'  (m/scit) with NFSS spec.:
(fontspec)             <->"[KpSans-Italic.otf]:mode=node;script=latn;language=dflt;+tlig;+pcap;"
(fontspec)             - 'bold italic' (b/it) with NFSS spec.:
(fontspec)             <->"[KpSans-BoldItalic.otf]:mode=node;script=latn;language=dflt;+tlig;"
(fontspec)             - 'bold italic small caps'  (b/scit) with NFSS spec.:
(fontspec)             <->"[KpSans-BoldItalic.otf]:mode=node;script=latn;language=dflt;+tlig;+pcap;"

 (/usr/local/texlive/2023/texmf-dist/tex/latex/kpfonts-otf/KpMono.fontspec)
luaotfload | aux : font no 38 (nil) does not define feature smcp for script latn with language dflt
luaotfload | aux : font no 39 (nil) does not define feature smcp for script latn with language dflt
luaotfload | aux : font no 40 (nil) does not define feature smcp for script latn with language dflt
luaotfload | aux : font no 41 (nil) does not define feature smcp for script latn with language dflt

Package fontspec Info: Font family 'KpMono(0)' created for font 'KpMono' with
(fontspec)             options
(fontspec)             [WordSpace={1,0,0},HyphenChar=None,PunctuationSpace=WordSpace,Extension
(fontspec)             = .otf,UprightFont = *-Regular,BoldFont =
(fontspec)             *-Bold,ItalicFont = *-Italic,BoldItalicFont =
(fontspec)             *-BoldItalic].
(fontspec)              
(fontspec)              This font family consists of the following NFSS
(fontspec)             series/shapes:
(fontspec)              
(fontspec)             - 'normal' (m/n) with NFSS spec.:
(fontspec)             <->"[KpMono-Regular.otf]:mode=node;script=latn;language=dflt;"
(fontspec)             - 'small caps'  (m/sc) with NFSS spec.: 
(fontspec)             and font adjustment code:
(fontspec)             \fontdimen 2\font =1\fontdimen 2\font \fontdimen 3\font
(fontspec)             =0\fontdimen 3\font \fontdimen 4\font =0\fontdimen
(fontspec)             4\font \fontdimen 7\font =0\fontdimen 2\font
(fontspec)             \tex_hyphenchar:D \font =-1\scan_stop: 
(fontspec)             - 'bold' (b/n) with NFSS spec.:
(fontspec)             <->"[KpMono-Bold.otf]:mode=node;script=latn;language=dflt;"
(fontspec)             - 'bold small caps'  (b/sc) with NFSS spec.: 
(fontspec)             and font adjustment code:
(fontspec)             \fontdimen 2\font =1\fontdimen 2\font \fontdimen 3\font
(fontspec)             =0\fontdimen 3\font \fontdimen 4\font =0\fontdimen
(fontspec)             4\font \fontdimen 7\font =0\fontdimen 2\font
(fontspec)             \tex_hyphenchar:D \font =-1\scan_stop: 
(fontspec)             - 'italic' (m/it) with NFSS spec.:
(fontspec)             <->"[KpMono-Italic.otf]:mode=node;script=latn;language=dflt;"
(fontspec)             - 'italic small caps'  (m/scit) with NFSS spec.: 
(fontspec)             and font adjustment code:
(fontspec)             \fontdimen 2\font =1\fontdimen 2\font \fontdimen 3\font
(fontspec)             =0\fontdimen 3\font \fontdimen 4\font =0\fontdimen
(fontspec)             4\font \fontdimen 7\font =0\fontdimen 2\font
(fontspec)             \tex_hyphenchar:D \font =-1\scan_stop: 
(fontspec)             - 'bold italic' (b/it) with NFSS spec.:
(fontspec)             <->"[KpMono-BoldItalic.otf]:mode=node;script=latn;language=dflt;"
(fontspec)             - 'bold italic small caps'  (b/scit) with NFSS spec.: 
(fontspec)             and font adjustment code:
(fontspec)             \fontdimen 2\font =1\fontdimen 2\font \fontdimen 3\font
(fontspec)             =0\fontdimen 3\font \fontdimen 4\font =0\fontdimen
(fontspec)             4\font \fontdimen 7\font =0\fontdimen 2\font
(fontspec)             \tex_hyphenchar:D \font =-1\scan_stop: 

 (/usr/local/texlive/2023/texmf-dist/tex/latex/unicode-math/unicode-math.sty
Package: unicode-math 2020/01/31 v0.8q Unicode maths in XeLaTeX and LuaLaTeX
 (/usr/local/texlive/2023/texmf-dist/tex/latex/unicode-math/unicode-math-luatex.sty
Package: unicode-math-luatex 2020/01/31 v0.8q Unicode maths in XeLaTeX and LuaLaTeX
 (/usr/local/texlive/2023/texmf-dist/tex/latex/l3packages/l3keys2e/l3keys2e.sty
Package: l3keys2e 2023-02-02 LaTeX2e option processing using LaTeX3 keys
) (/usr/local/texlive/2023/texmf-dist/tex/latex/base/fix-cm.sty
Package: fix-cm 2020/11/24 v1.1t fixes to LaTeX
 (/usr/local/texlive/2023/texmf-dist/tex/latex/base/ts1enc.def
File: ts1enc.def 2001/06/05 v3.0e (jk/car/fm) Standard LaTeX file
LaTeX Font Info:    Redeclaring font encoding TS1 on input line 47.
)) (/usr/local/texlive/2023/texmf-dist/tex/lualatex/lualatex-math/lualatex-math.sty
Package: lualatex-math 2022/01/01 v1.12 Patches for mathematics typesetting with LuaLaTeX
Lua module: lualatex-math 2013/08/03 1.3 Patches for mathematics typesetting with LuaLaTeX)
\g__um_fam_int=\count288
\g__um_fonts_used_int=\count289
\l__um_primecount_int=\count290
\g__um_primekern_muskip=\muskip17
 (/usr/local/texlive/2023/texmf-dist/tex/latex/unicode-math/unicode-math-table.tex)))

Package fontspec Info: Font family 'KpMath-Regular.otf(0)' created for font
(fontspec)             'KpMath-Regular.otf' with options
(fontspec)             [Renderer=Basic,BoldItalicFont={},ItalicFont={},SmallCapsFont={},Script=Math,FontAdjustment={\__um_luatex_copy_fontdimens:
(fontspec)             }].
(fontspec)              
(fontspec)              This font family consists of the following NFSS
(fontspec)             series/shapes:
(fontspec)              
(fontspec)             - 'normal' (m/n) with NFSS spec.:
(fontspec)             <->"[KpMath-Regular.otf]:mode=base;script=math;language=dflt;"
(fontspec)             - 'small caps'  (m/sc) with NFSS spec.: 
(fontspec)             and font adjustment code:
(fontspec)             \__um_luatex_copy_fontdimens: 


Package fontspec Info: Font family 'KpMath-Regular.otf(1)' created for font
(fontspec)             'KpMath-Regular.otf' with options
(fontspec)             [Renderer=Basic,BoldItalicFont={},ItalicFont={},SmallCapsFont={},Script=Math,SizeFeatures={{Size=8.5-},{Size=6.25-8.5,Font=KpMath-Regular.otf,Style=MathScript},{Size=-6.25,Font=KpMath-Regular.otf,Style=MathScriptScript}},FontAdjustment={\__um_luatex_copy_fontdimens:
(fontspec)             }].
(fontspec)              
(fontspec)              This font family consists of the following NFSS
(fontspec)             series/shapes:
(fontspec)              
(fontspec)             - 'normal' (m/n) with NFSS spec.:
(fontspec)             <8.5->"[KpMath-Regular.otf]:mode=base;script=math;language=dflt;"<6.25-8.5>"[KpMath-Regular.otf]:mode=base;script=math;language=dflt;+ssty=0;"<-6.25>"[KpMath-Regular.otf]:mode=base;script=math;language=dflt;+ssty=1;"
(fontspec)             - 'small caps'  (m/sc) with NFSS spec.: 
(fontspec)             and font adjustment code:
(fontspec)             \__um_luatex_copy_fontdimens: 

LaTeX Font Info:    Encoding `OT1' has changed to `TU' for symbol font
(Font)              `operators' in the math version `normal' on input line 241.
LaTeX Font Info:    Overwriting symbol font `operators' in version `normal'
(Font)                  OT1/lmr/m/n --> TU/KpMath-Regular.otf(1)/m/n on input line 241.
LaTeX Font Info:    Encoding `OT1' has changed to `TU' for symbol font
(Font)              `operators' in the math version `bold' on input line 241.
LaTeX Font Info:    Overwriting symbol font `operators' in version `bold'
(Font)                  OT1/lmr/bx/n --> TU/KpMath-Regular.otf(1)/b/n on input line 241.

Package fontspec Info: KpMath-Regular scale = 1.0001.


Package fontspec Info: KpMath-Regular scale = 1.0001.


Package fontspec Info: KpMath-Regular scale = 1.0001.


Package fontspec Info: KpMath-Regular scale = 1.0001.


Package fontspec Info: Font family 'KpMath-Regular.otf(2)' created for font
(fontspec)             'KpMath-Regular.otf' with options
(fontspec)             [Renderer=Basic,BoldItalicFont={},ItalicFont={},SmallCapsFont={},Script=Math,SizeFeatures={{Size=8.5-},{Size=6.25-8.5,Font=KpMath-Regular.otf,Style=MathScript},{Size=-6.25,Font=KpMath-Regular.otf,Style=MathScriptScript}},FontAdjustment={\__um_luatex_copy_fontdimens:
(fontspec)             },ScaleAgain=1.0001,FontAdjustment={\fontdimen 8\font
(fontspec)             =6.76999pt\relax \fontdimen 9\font =3.93999pt\relax
(fontspec)             \fontdimen 10\font =4.43999pt\relax \fontdimen 11\font
(fontspec)             =6.85999pt\relax \fontdimen 12\font =3.45pt\relax
(fontspec)             \fontdimen 13\font =4.5pt\relax \fontdimen 14\font
(fontspec)             =4.5pt\relax \fontdimen 15\font =3.2pt\relax \fontdimen
(fontspec)             16\font =2.09999pt\relax \fontdimen 17\font
(fontspec)             =2.09999pt\relax \fontdimen 18\font =2.29999pt\relax
(fontspec)             \fontdimen 19\font =1.0pt\relax \fontdimen 22\font
(fontspec)             =2.5pt\relax \fontdimen 20\font =0pt\relax \fontdimen
(fontspec)             21\font =0pt\relax }].
(fontspec)              
(fontspec)              This font family consists of the following NFSS
(fontspec)             series/shapes:
(fontspec)              
(fontspec)             - 'normal' (m/n) with NFSS spec.:
(fontspec)             <8.5->s*[1.0001]"[KpMath-Regular.otf]:mode=base;script=math;language=dflt;"<6.25-8.5>s*[1.0001]"[KpMath-Regular.otf]:mode=base;script=math;language=dflt;+ssty=0;"<-6.25>s*[1.0001]"[KpMath-Regular.otf]:mode=base;script=math;language=dflt;+ssty=1;"
(fontspec)             - 'small caps'  (m/sc) with NFSS spec.: 
(fontspec)             and font adjustment code:
(fontspec)             \__um_luatex_copy_fontdimens: \fontdimen 8\font
(fontspec)             =6.76999pt\relax \fontdimen 9\font =3.93999pt\relax
(fontspec)             \fontdimen 10\font =4.43999pt\relax \fontdimen 11\font
(fontspec)             =6.85999pt\relax \fontdimen 12\font =3.45pt\relax
(fontspec)             \fontdimen 13\font =4.5pt\relax \fontdimen 14\font
(fontspec)             =4.5pt\relax \fontdimen 15\font =3.2pt\relax \fontdimen
(fontspec)             16\font =2.09999pt\relax \fontdimen 17\font
(fontspec)             =2.09999pt\relax \fontdimen 18\font =2.29999pt\relax
(fontspec)             \fontdimen 19\font =1.0pt\relax \fontdimen 22\font
(fontspec)             =2.5pt\relax \fontdimen 20\font =0pt\relax \fontdimen
(fontspec)             21\font =0pt\relax 

LaTeX Font Info:    Encoding `OMS' has changed to `TU' for symbol font
(Font)              `symbols' in the math version `normal' on input line 241.
LaTeX Font Info:    Overwriting symbol font `symbols' in version `normal'
(Font)                  OMS/lmsy/m/n --> TU/KpMath-Regular.otf(2)/m/n on input line 241.
LaTeX Font Info:    Encoding `OMS' has changed to `TU' for symbol font
(Font)              `symbols' in the math version `bold' on input line 241.
LaTeX Font Info:    Overwriting symbol font `symbols' in version `bold'
(Font)                  OMS/lmsy/b/n --> TU/KpMath-Regular.otf(2)/b/n on input line 241.

Package fontspec Info: KpMath-Regular scale = 0.9999.


Package fontspec Info: KpMath-Regular scale = 0.9999.


Package fontspec Info: KpMath-Regular scale = 0.9999.


Package fontspec Info: KpMath-Regular scale = 0.9999.


Package fontspec Info: Font family 'KpMath-Regular.otf(3)' created for font
(fontspec)             'KpMath-Regular.otf' with options
(fontspec)             [Renderer=Basic,BoldItalicFont={},ItalicFont={},SmallCapsFont={},Script=Math,SizeFeatures={{Size=8.5-},{Size=6.25-8.5,Font=KpMath-Regular.otf,Style=MathScript},{Size=-6.25,Font=KpMath-Regular.otf,Style=MathScriptScript}},FontAdjustment={\__um_luatex_copy_fontdimens:
(fontspec)             },ScaleAgain=0.9999,FontAdjustment={\fontdimen 8\font
(fontspec)             =0.5pt\relax \fontdimen 9\font =1.10999pt\relax
(fontspec)             \fontdimen 10\font =1.67pt\relax \fontdimen 11\font
(fontspec)             =2.0pt\relax \fontdimen 12\font =6.0pt\relax \fontdimen
(fontspec)             13\font =0pt\relax }].
(fontspec)              
(fontspec)              This font family consists of the following NFSS
(fontspec)             series/shapes:
(fontspec)              
(fontspec)             - 'normal' (m/n) with NFSS spec.:
(fontspec)             <8.5->s*[0.9999]"[KpMath-Regular.otf]:mode=base;script=math;language=dflt;"<6.25-8.5>s*[0.9999]"[KpMath-Regular.otf]:mode=base;script=math;language=dflt;+ssty=0;"<-6.25>s*[0.9999]"[KpMath-Regular.otf]:mode=base;script=math;language=dflt;+ssty=1;"
(fontspec)             - 'small caps'  (m/sc) with NFSS spec.: 
(fontspec)             and font adjustment code:
(fontspec)             \__um_luatex_copy_fontdimens: \fontdimen 8\font
(fontspec)             =0.5pt\relax \fontdimen 9\font =1.10999pt\relax
(fontspec)             \fontdimen 10\font =1.67pt\relax \fontdimen 11\font
(fontspec)             =2.0pt\relax \fontdimen 12\font =6.0pt\relax \fontdimen
(fontspec)             13\font =0pt\relax 

LaTeX Font Info:    Encoding `OMX' has changed to `TU' for symbol font
(Font)              `largesymbols' in the math version `normal' on input line 241.
LaTeX Font Info:    Overwriting symbol font `largesymbols' in version `normal'
(Font)                  OMX/lmex/m/n --> TU/KpMath-Regular.otf(3)/m/n on input line 241.
LaTeX Font Info:    Encoding `OMX' has changed to `TU' for symbol font
(Font)              `largesymbols' in the math version `bold' on input line 241.
LaTeX Font Info:    Overwriting symbol font `largesymbols' in version `bold'
(Font)                  OMX/lmex/m/n --> TU/KpMath-Regular.otf(3)/b/n on input line 241.
LaTeX Font Info:    Trying to load font information for OML+lmm on input line 241.
 (/usr/local/texlive/2023/texmf-dist/tex/latex/lm/omllmm.fd
File: omllmm.fd 2015/05/01 v1.6.1 Font defs for Latin Modern
)
LaTeX Font Info:    Font shape `TU/KpMath-Regular.otf(2)/m/n' will be
(Font)              scaled to size 10.00107pt on input line 241.
LaTeX Font Info:    Font shape `TU/KpMath-Regular.otf(2)/m/n' will be
(Font)              scaled to size 7.00075pt on input line 241.
LaTeX Font Info:    Font shape `TU/KpMath-Regular.otf(2)/m/n' will be
(Font)              scaled to size 5.50058pt on input line 241.
LaTeX Font Info:    Font shape `TU/KpMath-Regular.otf(3)/m/n' will be
(Font)              scaled to size 9.99893pt on input line 241.
LaTeX Font Info:    Font shape `TU/KpMath-Regular.otf(3)/m/n' will be
(Font)              scaled to size 6.99925pt on input line 241.
LaTeX Font Info:    Font shape `TU/KpMath-Regular.otf(3)/m/n' will be
(Font)              scaled to size 5.4994pt on input line 241.
LaTeX Font Info:    Trying to load font information for U+msa on input line 241.
 (/usr/local/texlive/2023/texmf-dist/tex/latex/amsfonts/umsa.fd
File: umsa.fd 2013/01/14 v3.01 AMS symbols A
)
LaTeX Font Info:    Trying to load font information for U+msb on input line 241.
 (/usr/local/texlive/2023/texmf-dist/tex/latex/amsfonts/umsb.fd
File: umsb.fd 2013/01/14 v3.01 AMS symbols B
)

Package fontspec Info: Font family 'KpMath-Regular.otf(4)' created for font
(fontspec)             'KpMath-Regular.otf' with options
(fontspec)             [Renderer=Basic,BoldItalicFont={},ItalicFont={},SmallCapsFont={},Script=Math,SizeFeatures={{Size=8.5-},{Size=6.25-8.5,Font=KpMath-Regular.otf,Style=MathScript},{Size=-6.25,Font=KpMath-Regular.otf,Style=MathScriptScript}},FontAdjustment={\__um_luatex_copy_fontdimens:
(fontspec)             },RawFeature={+ss01}].
(fontspec)              
(fontspec)              This font family consists of the following NFSS
(fontspec)             series/shapes:
(fontspec)              
(fontspec)             - 'normal' (m/n) with NFSS spec.:
(fontspec)             <8.5->"[KpMath-Regular.otf]:mode=base;script=math;language=dflt;+ss01;"<6.25-8.5>"[KpMath-Regular.otf]:mode=base;script=math;language=dflt;+ss01;+ssty=0;"<-6.25>"[KpMath-Regular.otf]:mode=base;script=math;language=dflt;+ss01;+ssty=1;"
(fontspec)             - 'small caps'  (m/sc) with NFSS spec.: 
(fontspec)             and font adjustment code:
(fontspec)             \__um_luatex_copy_fontdimens: 

\sym__um_fam1=\mathgroup6
LaTeX Font Info:    Overwriting symbol font `__um_fam1' in version `normal'
(Font)                  TU/KpMath-Regular.otf(4)/m/n --> TU/KpMath-Regular.otf(4)/m/n on input line 242.
LaTeX Font Info:    Overwriting symbol font `__um_fam1' in version `bold'
(Font)                  TU/KpMath-Regular.otf(4)/m/n --> TU/KpMath-Regular.otf(4)/b/n on input line 242.
)) (/usr/local/texlive/2023/texmf-dist/tex/latex/titlesec/titlesec.sty
Package: titlesec 2021/07/05 v2.14 Sectioning titles
\ttl@box=\box56
\beforetitleunit=\skip53
\aftertitleunit=\skip54
\ttl@plus=\dimen156
\ttl@minus=\dimen157
\ttl@toksa=\toks27
\titlewidth=\dimen158
\titlewidthlast=\dimen159
\titlewidthfirst=\dimen160
) (/usr/local/texlive/2023/texmf-dist/tex/latex/listings/listings.sty
\lst@mode=\count291
\lst@gtempboxa=\box57
\lst@token=\toks28
\lst@length=\count292
\lst@currlwidth=\dimen161
\lst@column=\count293
\lst@pos=\count294
\lst@lostspace=\dimen162
\lst@width=\dimen163
\lst@newlines=\count295
\lst@lineno=\count296
\lst@maxwidth=\dimen164
 (/usr/local/texlive/2023/texmf-dist/tex/latex/listings/lstmisc.sty
File: lstmisc.sty 2023/02/27 1.9 (Carsten Heinz)
\c@lstnumber=\count297
\lst@skipnumbers=\count298
\lst@framebox=\box58
) (/usr/local/texlive/2023/texmf-dist/tex/latex/listings/listings.cfg
File: listings.cfg 2023/02/27 1.9 listings configuration
))
Package: listings 2023/02/27 1.9 (Carsten Heinz)
 (/usr/local/texlive/2023/texmf-dist/tex/latex/graphics/color.sty
Package: color 2022/01/06 v1.3d Standard LaTeX Color (DPC)
 (/usr/local/texlive/2023/texmf-dist/tex/latex/graphics-cfg/color.cfg
File: color.cfg 2016/01/02 v1.6 sample color configuration
)
Package color Info: Driver file: luatex.def on input line 149.
 (/usr/local/texlive/2023/texmf-dist/tex/latex/graphics/mathcolor.ltx)) (/usr/local/texlive/2023/texmf-dist/tex/latex/multirow/multirow.sty
Package: multirow 2021/03/15 v2.8 Span multiple rows of a table
\multirow@colwidth=\skip55
\multirow@cntb=\count299
\multirow@dima=\skip56
\bigstrutjot=\dimen165
) (/usr/local/texlive/2023/texmf-dist/tex/latex/tools/array.sty
Package: array 2022/09/04 v2.5g Tabular extension package (FMi)
\col@sep=\dimen166
\ar@mcellbox=\box59
\extrarowheight=\dimen167
\NC@list=\toks29
\extratabsurround=\skip57
\backup@length=\skip58
\ar@cellbox=\box60
) (/usr/local/texlive/2023/texmf-dist/tex/latex/tools/afterpage.sty
Package: afterpage 2014/10/28 v1.08 After-Page Package (DPC)
\AP@output=\toks30
\AP@partial=\box61
\AP@footins=\box62
) (/usr/local/texlive/2023/texmf-dist/tex/latex/caption/caption.sty
Package: caption 2023/03/12 v3.6j Customizing captions (AR)
 (/usr/local/texlive/2023/texmf-dist/tex/latex/caption/caption3.sty
Package: caption3 2023/03/12 v2.4 caption3 kernel (AR)
\caption@tempdima=\dimen168
\captionmargin=\dimen169
\caption@leftmargin=\dimen170
\caption@rightmargin=\dimen171
\caption@width=\dimen172
\caption@indent=\dimen173
\caption@parindent=\dimen174
\caption@hangindent=\dimen175
Package caption Info: Standard document class detected.
)
\c@caption@flags=\count300
\c@continuedfloat=\count301
Package caption Info: float package is loaded.
Package caption Info: listings package is loaded.
)
luaotfload | cache : Lookup cache loaded from /Users/tbimbato/Library/texlive/2023/texmf-var/luatex-cache/generic/names/luaotfload-lookup-cache.luc.
luaotfload | aux : font no 67 (nil) defines no feature for script latn
luaotfload | aux : font no 67 (nil) defines no feature for script dflt

Package fontspec Info: Font family 'Helvetica(0)' created for font 'Helvetica'
(fontspec)             with options [Ligatures=TeX].
(fontspec)              
(fontspec)              This font family consists of the following NFSS
(fontspec)             series/shapes:
(fontspec)              
(fontspec)             - 'normal' (m/n) with NFSS spec.:
(fontspec)             <->"Helvetica:mode=node;language=dflt;+tlig;"
(fontspec)             - 'small caps'  (m/sc) with NFSS spec.: 
(fontspec)             - 'bold' (b/n) with NFSS spec.:
(fontspec)             <->"Helvetica/B:mode=node;language=dflt;+tlig;"
(fontspec)             - 'bold small caps'  (b/sc) with NFSS spec.: 
(fontspec)             - 'italic' (m/it) with NFSS spec.:
(fontspec)             <->"Helvetica/I:mode=node;language=dflt;+tlig;"
(fontspec)             - 'italic small caps'  (m/scit) with NFSS spec.: 
(fontspec)             - 'bold italic' (b/it) with NFSS spec.:
(fontspec)             <->"Helvetica/BI:mode=node;language=dflt;+tlig;"
(fontspec)             - 'bold italic small caps'  (b/scit) with NFSS spec.: 

luaotfload | aux : font no 76 (nil) defines no feature for script latn
luaotfload | aux : font no 76 (nil) defines no feature for script dflt

Package fontspec Info: Font family 'Helvetica(1)' created for font 'Helvetica'
(fontspec)             with options [Renderer=Basic].
(fontspec)              
(fontspec)              This font family consists of the following NFSS
(fontspec)             series/shapes:
(fontspec)              
(fontspec)             - 'normal' (m/n) with NFSS spec.:
(fontspec)             <->"Helvetica:mode=base;language=dflt;"
(fontspec)             - 'small caps'  (m/sc) with NFSS spec.: 
(fontspec)             - 'bold' (b/n) with NFSS spec.:
(fontspec)             <->"Helvetica/B:mode=base;language=dflt;"
(fontspec)             - 'bold small caps'  (b/sc) with NFSS spec.: 
(fontspec)             - 'italic' (m/it) with NFSS spec.:
(fontspec)             <->"Helvetica/I:mode=base;language=dflt;"
(fontspec)             - 'italic small caps'  (m/scit) with NFSS spec.: 
(fontspec)             - 'bold italic' (b/it) with NFSS spec.:
(fontspec)             <->"Helvetica/BI:mode=base;language=dflt;"
(fontspec)             - 'bold italic small caps'  (b/scit) with NFSS spec.: 

LaTeX Font Info:    Overwriting math alphabet `\mathrm' in version `normal'
(Font)                  TU/KpMath-Regular.otf(1)/m/n --> TU/Helvetica(1)/m/n on input line 25.
LaTeX Font Info:    Overwriting math alphabet `\mathit' in version `normal'
(Font)                  OT1/lmr/m/it --> TU/Helvetica(1)/m/it on input line 25.
LaTeX Font Info:    Overwriting math alphabet `\mathbf' in version `normal'
(Font)                  OT1/lmr/bx/n --> TU/Helvetica(1)/b/n on input line 25.

Package fontspec Info: Could not resolve font "NotoSansMono/BI" (it probably
(fontspec)             doesn't exist).


Package fontspec Info: Could not resolve font "NotoSansMono/I" (it probably
(fontspec)             doesn't exist).


Package fontspec Info: Font family 'NotoSansMono(0)' created for font 'Noto
(fontspec)             Sans Mono' with options
(fontspec)             [WordSpace={1,0,0},HyphenChar=None,PunctuationSpace=WordSpace].
(fontspec)              
(fontspec)              This font family consists of the following NFSS
(fontspec)             series/shapes:
(fontspec)              
(fontspec)             - 'normal' (m/n) with NFSS spec.:
(fontspec)             <->"NotoSansMono:mode=node;script=latn;language=dflt;"
(fontspec)             - 'small caps'  (m/sc) with NFSS spec.:
(fontspec)             <->"NotoSansMono:mode=node;script=latn;language=dflt;+smcp;"
(fontspec)             and font adjustment code:
(fontspec)             \fontdimen 2\font =1\fontdimen 2\font \fontdimen 3\font
(fontspec)             =0\fontdimen 3\font \fontdimen 4\font =0\fontdimen
(fontspec)             4\font \fontdimen 7\font =0\fontdimen 2\font
(fontspec)             \tex_hyphenchar:D \font =-1\scan_stop: 
(fontspec)             - 'bold' (b/n) with NFSS spec.:
(fontspec)             <->"NotoSansMono/B:mode=node;script=latn;language=dflt;"
(fontspec)             - 'bold small caps'  (b/sc) with NFSS spec.:
(fontspec)             <->"NotoSansMono/B:mode=node;script=latn;language=dflt;+smcp;"
(fontspec)             and font adjustment code:
(fontspec)             \fontdimen 2\font =1\fontdimen 2\font \fontdimen 3\font
(fontspec)             =0\fontdimen 3\font \fontdimen 4\font =0\fontdimen
(fontspec)             4\font \fontdimen 7\font =0\fontdimen 2\font
(fontspec)             \tex_hyphenchar:D \font =-1\scan_stop: 


Package fontspec Info: Could not resolve font "NotoSansMono/BI" (it probably
(fontspec)             doesn't exist).


Package fontspec Info: Could not resolve font "NotoSansMono/I" (it probably
(fontspec)             doesn't exist).


Package fontspec Info: Font family 'NotoSansMono(1)' created for font 'Noto
(fontspec)             Sans Mono' with options [Renderer=Basic].
(fontspec)              
(fontspec)              This font family consists of the following NFSS
(fontspec)             series/shapes:
(fontspec)              
(fontspec)             - 'normal' (m/n) with NFSS spec.:
(fontspec)             <->"NotoSansMono:mode=base;script=latn;language=dflt;"
(fontspec)             - 'small caps'  (m/sc) with NFSS spec.:
(fontspec)             <->"NotoSansMono:mode=base;script=latn;language=dflt;+smcp;"
(fontspec)             - 'bold' (b/n) with NFSS spec.:
(fontspec)             <->"NotoSansMono/B:mode=base;script=latn;language=dflt;"
(fontspec)             - 'bold small caps'  (b/sc) with NFSS spec.:
(fontspec)             <->"NotoSansMono/B:mode=base;script=latn;language=dflt;+smcp;"

LaTeX Font Info:    Overwriting math alphabet `\mathtt' in version `normal'
(Font)                  OT1/lmtt/m/n --> TU/NotoSansMono(1)/m/n on input line 26.
LaTeX Font Info:    Overwriting math alphabet `\mathtt' in version `bold'
(Font)                  OT1/lmtt/m/n --> TU/NotoSansMono(1)/b/n on input line 26.
 (/usr/local/texlive/2023/texmf-dist/tex/latex/geometry/geometry.sty
Package: geometry 2020/01/02 v5.9 Page Geometry
 (/usr/local/texlive/2023/texmf-dist/tex/generic/iftex/ifvtex.sty
Package: ifvtex 2019/10/25 v1.7 ifvtex legacy package. Use iftex instead.
)
\Gm@cnth=\count302
\Gm@cntv=\count303
\c@Gm@tempcnt=\count304
\Gm@bindingoffset=\dimen176
\Gm@wd@mp=\dimen177
\Gm@odd@mp=\dimen178
\Gm@even@mp=\dimen179
\Gm@layoutwidth=\dimen180
\Gm@layoutheight=\dimen181
\Gm@layouthoffset=\dimen182
\Gm@layoutvoffset=\dimen183
\Gm@dimlist=\toks31
) (/usr/local/texlive/2023/texmf-dist/tex/latex/listings/lstlang1.sty
File: lstlang1.sty 2023/02/27 1.9 listings language file
) (/usr/local/texlive/2023/texmf-dist/tex/latex/listings/lstlang2.sty
File: lstlang2.sty 2023/02/27 1.9 listings language file
) (/usr/local/texlive/2023/texmf-dist/tex/latex/listings/lstlang3.sty
File: lstlang3.sty 2023/02/27 1.9 listings language file
) (./relazione.aux)
\openout1 = relazione.aux

LaTeX Font Info:    Checking defaults for OML/cmm/m/it on input line 61.
LaTeX Font Info:    ... okay on input line 61.
LaTeX Font Info:    Checking defaults for OMS/cmsy/m/n on input line 61.
LaTeX Font Info:    ... okay on input line 61.
LaTeX Font Info:    Checking defaults for OT1/cmr/m/n on input line 61.
LaTeX Font Info:    ... okay on input line 61.
LaTeX Font Info:    Checking defaults for T1/cmr/m/n on input line 61.
LaTeX Font Info:    ... okay on input line 61.
LaTeX Font Info:    Checking defaults for TS1/cmr/m/n on input line 61.
LaTeX Font Info:    ... okay on input line 61.
LaTeX Font Info:    Checking defaults for TU/lmr/m/n on input line 61.
LaTeX Font Info:    ... okay on input line 61.
LaTeX Font Info:    Checking defaults for OMX/cmex/m/n on input line 61.
LaTeX Font Info:    ... okay on input line 61.
LaTeX Font Info:    Checking defaults for U/cmr/m/n on input line 61.
LaTeX Font Info:    ... okay on input line 61.
 (/usr/local/texlive/2023/texmf-dist/tex/context/base/mkii/supp-pdf.mkii
[Loading MPS to PDF converter (version 2006.09.02).]
\scratchcounter=\count305
\scratchdimen=\dimen184
\scratchbox=\box63
\nofMPsegments=\count306
\nofMParguments=\count307
\everyMPshowfont=\toks32
\MPscratchCnt=\count308
\MPscratchDim=\dimen185
\MPnumerator=\count309
\makeMPintoPDFobject=\count310
\everyMPtoPDFconversion=\toks33
) (/usr/local/texlive/2023/texmf-dist/tex/latex/epstopdf-pkg/epstopdf-base.sty
Package: epstopdf-base 2020-01-24 v2.11 Base part for package epstopdf
Package epstopdf-base Info: Redefining graphics rule for `.eps' on input line 485.
 (/usr/local/texlive/2023/texmf-dist/tex/latex/latexconfig/epstopdf-sys.cfg
File: epstopdf-sys.cfg 2010/07/13 v1.3 Configuration of (r)epstopdf for TeX Live
))
LaTeX Font Info:    Overwriting math alphabet `\mathsf' in version `normal'
(Font)                  OT1/lmss/m/n --> TU/KpSans(0)/m/n on input line 61.
LaTeX Font Info:    Overwriting math alphabet `\mathsf' in version `bold'
(Font)                  OT1/lmss/bx/n --> TU/KpSans(0)/b/n on input line 61.
LaTeX Info: Redefining \idotsint on input line 61.


Package kpfonts-otf Warning: kpfonts-otf provides all AMS symbols.
(kpfonts-otf)                Loading amssymb.sty is not advisable.
(kpfonts-otf)                Reported on input line 61.

\c@lstlisting=\count311
Package caption Info: Begin \AtBeginDocument code.
Package caption Info: End \AtBeginDocument code.
*geometry* driver: auto-detecting
*geometry* detected driver: luatex
*geometry* verbose mode - [ preamble ] result:
* driver: luatex
* paper: a4paper
* layout: <same size as paper>
* layoutoffset:(h,v)=(0.0pt,0.0pt)
* modes: 
* h-part:(L,W,R)=(102.43008pt, 392.6477pt, 102.43008pt)
* v-part:(T,H,B)=(71.13188pt, 709.89627pt, 64.01869pt)
* \paperwidth=597.50787pt
* \paperheight=845.04684pt
* \textwidth=392.6477pt
* \textheight=709.89627pt
* \oddsidemargin=30.1601pt
* \evensidemargin=30.1601pt
* \topmargin=-38.1381pt
* \headheight=12.0pt
* \headsep=25.0pt
* \topskip=10.0pt
* \footskip=30.0pt
* \marginparwidth=57.0pt
* \marginparsep=11.0pt
* \columnsep=10.0pt
* \skip\footins=9.0pt plus 4.0pt minus 2.0pt
* \hoffset=0.0pt
* \voffset=0.0pt
* \mag=1000
* \@twocolumnfalse
* \@twosidefalse
* \@mparswitchfalse
* \@reversemarginfalse
* (1in=72.27pt=25.4mm, 1cm=28.453pt)

LaTeX Font Info:    Font shape `TU/KpMath-Regular.otf(2)/m/n' will be
(Font)              scaled to size 12.00128pt on input line 64.
LaTeX Font Info:    Font shape `TU/KpMath-Regular.otf(2)/m/n' will be
(Font)              scaled to size 8.00085pt on input line 64.
LaTeX Font Info:    Font shape `TU/KpMath-Regular.otf(2)/m/n' will be
(Font)              scaled to size 6.00064pt on input line 64.
LaTeX Font Info:    Font shape `TU/KpMath-Regular.otf(3)/m/n' will be
(Font)              scaled to size 11.99872pt on input line 64.
LaTeX Font Info:    Font shape `TU/KpMath-Regular.otf(3)/m/n' will be
(Font)              scaled to size 7.99915pt on input line 64.
LaTeX Font Info:    Font shape `TU/KpMath-Regular.otf(3)/m/n' will be
(Font)              scaled to size 5.99936pt on input line 64.
[1

{/usr/local/texlive/2023/texmf-var/fonts/map/pdftex/updmap/pdftex.map}] (./relazione.toc)
\tf@toc=\write3

\openout3 = relazione.toc
 [1

] [1]
Capitolo 1.

Overfull \hbox (0.73631pt too wide) in paragraph at lines 108--121
 [][] 
 []


LaTeX Warning: `h' float specifier changed to `ht'.


Underfull \hbox (badness 10000) in paragraph at lines 171--177

 []

[1

] [2]
Capitolo 2.
LaTeX Font Info:    Font shape `TU/KpMath-Regular.otf(2)/m/n' will be
(Font)              scaled to size 5.00053pt on input line 189.
LaTeX Font Info:    Font shape `TU/KpMath-Regular.otf(3)/m/n' will be
(Font)              scaled to size 4.99947pt on input line 189.

warning  (file ./graph//FSMD_generale.pdf) (pdf inclusion): PDF inclusion: found PDF version '1.6', but at most version '1.5' allowed
<./graph//FSMD_generale.pdf, id=23, 648.73166pt x 460.80656pt>
File: ./graph//FSMD_generale.pdf Graphic file (type pdf)
<use ./graph//FSMD_generale.pdf>
Package luatex.def Info: ./graph//FSMD_generale.pdf  used on input line 193.
(luatex.def)             Requested size: 392.6477pt x 278.90485pt.
[3

<./graph//FSMD_generale.pdf>] [4]
warning  (file ./graph//FSMTG.pdf) (pdf inclusion): PDF inclusion: found PDF version '1.6', but at most version '1.5' allowed
<./graph//FSMTG.pdf, id=56, 420.43073pt x 416.9989pt>
File: ./graph//FSMTG.pdf Graphic file (type pdf)
<use ./graph//FSMTG.pdf>
Package luatex.def Info: ./graph//FSMTG.pdf  used on input line 290.
(luatex.def)             Requested size: 392.6477pt x 389.45932pt.

Overfull \hbox (22.15256pt too wide) in paragraph at lines 302--423
 [][] 
 []


LaTeX Warning: `h' float specifier changed to `ht'.

[5] [6<./graph//FSMTG.pdf>] [7]
Capitolo 3.
[8

] [9] [10] [11]
Capitolo 4.

warning  (file ./graph//datapath.pdf) (pdf inclusion): PDF inclusion: found PDF version '1.6', but at most version '1.5' allowed
<./graph//datapath.pdf, id=112, 526.28821pt x 241.61768pt>
File: ./graph//datapath.pdf Graphic file (type pdf)
<use ./graph//datapath.pdf>
Package luatex.def Info: ./graph//datapath.pdf  used on input line 690.
(luatex.def)             Requested size: 392.6477pt x 180.26529pt.
[12

<./graph//datapath.pdf>]
warning  (file ./graph//3bmosse.pdf) (pdf inclusion): PDF inclusion: found PDF version '1.6', but at most version '1.5' allowed
<./graph//3bmosse.pdf, id=134, 354.97618pt x 132.09149pt>
File: ./graph//3bmosse.pdf Graphic file (type pdf)
<use ./graph//3bmosse.pdf>
Package luatex.def Info: ./graph//3bmosse.pdf  used on input line 776.
(luatex.def)             Requested size: 354.9753pt x 132.09116pt.

LaTeX Warning: `h' float specifier changed to `ht'.


warning  (file ./graph//partitalv1.pdf) (pdf inclusion): PDF inclusion: found PDF version '1.6', but at most version '1.5' allowed
<./graph//partitalv1.pdf, id=135, 430.92393pt x 363.76503pt>
File: ./graph//partitalv1.pdf Graphic file (type pdf)
<use ./graph//partitalv1.pdf>
Package luatex.def Info: ./graph//partitalv1.pdf  used on input line 783.
(luatex.def)             Requested size: 430.92287pt x 363.76413pt.

Overfull \hbox (38.27516pt too wide) in paragraph at lines 783--784
 [][] 
 []


LaTeX Warning: `h' float specifier changed to `ht'.


warning  (file ./graph//cmincmax.pdf) (pdf inclusion): PDF inclusion: found PDF version '1.6', but at most version '1.5' allowed
<./graph//cmincmax.pdf, id=136, 610.68652pt x 336.4028pt>
File: ./graph//cmincmax.pdf Graphic file (type pdf)
<use ./graph//cmincmax.pdf>
Package luatex.def Info: ./graph//cmincmax.pdf  used on input line 790.
(luatex.def)             Requested size: 392.6477pt x 216.30313pt.

LaTeX Warning: `h' float specifier changed to `ht'.


warning  (file ./graph//tavolino.pdf) (pdf inclusion): PDF inclusion: found PDF version '1.6', but at most version '1.5' allowed
<./graph//tavolino.pdf, id=137, 255.13016pt x 140.1777pt>
File: ./graph//tavolino.pdf Graphic file (type pdf)
<use ./graph//tavolino.pdf>
Package luatex.def Info: ./graph//tavolino.pdf  used on input line 797.
(luatex.def)             Requested size: 255.12953pt x 140.17735pt.

LaTeX Warning: `h' float specifier changed to `ht'.

[13] [14<./graph//3bmosse.pdf><./graph//partitalv1.pdf>] [15<./graph//cmincmax.pdf><./graph//tavolino.pdf>]
<./graph//not_opt.png, id=226, 758.835pt x 95.35625pt>
File: ./graph//not_opt.png Graphic file (type png)
<use ./graph//not_opt.png>
Package luatex.def Info: ./graph//not_opt.png  used on input line 813.
(luatex.def)             Requested size: 337.67726pt x 42.43411pt.
<./graph//opt.png, id=227, 758.835pt x 100.375pt>
File: ./graph//opt.png Graphic file (type png)
<use ./graph//opt.png>
Package luatex.def Info: ./graph//opt.png  used on input line 820.
(luatex.def)             Requested size: 337.67726pt x 44.66748pt.
<./graph//mapping.png, id=228, 757.83125pt x 772.8875pt>
File: ./graph//mapping.png Graphic file (type png)
<use ./graph//mapping.png>
Package luatex.def Info: ./graph//mapping.png  used on input line 829.
(luatex.def)             Requested size: 337.67726pt x 344.3879pt.
 [16

<./graph//not_opt.png><./graph//opt.png><./graph//mapping.png>]
Capitolo 5.

Overfull \hbox (22.58987pt too wide) in paragraph at lines 838--838
|\TU/Helvetica(0)/b/n/24.88 Scel-te pro-get-tua-li ed even-tua-li chia-
 []


Overfull \hbox (7.70688pt too wide) in paragraph at lines 839--839
|[]\TU/Helvetica(0)/b/n/14.4 De-fi-ni-zio-ne del com-por-ta-men-to in ca-so di mos-sa \TU/Helvetica(0)/b/it/14.4 sco-
 []


Overfull \hbox (3.11784pt too wide) in paragraph at lines 849--849
|[]\TU/Helvetica(0)/b/n/14.4 Ap-pro-fon-di-men-to sul-la sud-di-vi-sio-ne del-le fun-zio-ni tra
 []

[17

] [18] (./relazione.aux))
(\end occurred when \ifx on line 11 was incomplete)

Here is how much of LuaTeX's memory you used:
 16079 strings out of 478285
 195341,1977958 words of node,token memory allocated
 622 words of node memory still in use:
   7 hlist, 2 vlist, 2 rule, 10 glue, 4 kern, 1 glyph, 23 attribute, 57 glue_spec, 13 attribute_list, 1 write nodes
   avail lists: 2:4074,3:293,4:2208,5:2149,6:110,7:10937,8:11,9:7081,10:22,11:1405
 35725 multiletter control sequences out of 65536+600000
 150 fonts using 47303203 bytes
 101i,10n,140p,666b,2933s stack positions out of 10000i,1000n,20000p,200000b,200000s
</usr/local/texlive/2023/texmf-dist/fonts/truetype/google/noto/NotoSansMono-Bold.ttf></System/Library/Fonts/Helvetica.ttc></usr/local/texlive/2023/texmf-dist/fonts/opentype/public/kpfonts-otf/KpMath-Regular.otf></usr/local/texlive/2023/texmf-dist/fonts/truetype/google/noto/NotoSansMono-Regular.ttf></System/Library/Fonts/Helvetica.ttc></System/Library/Fonts/Helvetica.ttc></System/Library/Fonts/Helvetica.ttc>
Output written on relazione.pdf (21 pages, 2484404 bytes).

PDF statistics: 287 PDF objects out of 1000 (max. 8388607)
 178 compressed objects within 2 object streams
 0 named destinations out of 1000 (max. 131072)
 1 words of extra memory for PDF output out of 10000 (max. 100000000)

